#
# There is insufficient memory for the Java Runtime Environment to continue.
# Native memory allocation (malloc) failed to allocate 446256 bytes for Chunk::new
# Possible reasons:
#   The system is out of physical RAM or swap space
#   The process is running with CompressedOops enabled, and the Java Heap may be blocking the growth of the native heap
# Possible solutions:
#   Reduce memory load on the system
#   Increase physical memory or swap space
#   Check if swap backing store is full
#   Decrease Java heap size (-Xmx/-Xms)
#   Decrease number of Java threads
#   Decrease Java thread stack sizes (-Xss)
#   Set larger code cache with -XX:ReservedCodeCacheSize=
#   JVM is running with Unscaled Compressed Oops mode in which the Java heap is
#     placed in the first 4GB address space. The Java Heap base address is the
#     maximum limit for the native heap growth. Please use -XX:HeapBaseMinAddress
#     to set the Java Heap base and to place the Java Heap above 4GB virtual address.
# This output file may be truncated or incomplete.
#
#  Out of Memory Error (allocation.cpp:389), pid=17588, tid=0x0000000000000be4
#
# JRE version: OpenJDK Runtime Environment (8.0_242-b01) (build 1.8.0_242-release-1644-b01)
# Java VM: OpenJDK 64-Bit Server VM (25.242-b01 mixed mode windows-amd64 compressed oops)
# Failed to write core dump. Minidumps are not enabled by default on client versions of Windows
#

---------------  T H R E A D  ---------------

Current thread (0x00000000193e0800):  JavaThread "C2 CompilerThread2" daemon [_thread_in_native, id=3044, stack(0x0000000019ea0000,0x0000000019fa0000)]

Stack: [0x0000000019ea0000,0x0000000019fa0000]
[error occurred during error reporting (printing stack bounds), id 0xc0000005]

Native frames: (J=compiled Java code, j=interpreted, Vv=VM code, C=native code)


Current CompileTask:
C2:  75776 9604   !   4       java.nio.file.FileTreeWalker::next (144 bytes)


---------------  P R O C E S S  ---------------

Java Threads: ( => current thread )
  0x000000001e61e800 JavaThread "RMI RenewClean-[127.0.0.1:17088,org.jetbrains.kotlin.daemon.common.LoopbackNetworkInterface$ClientLoopbackSocketFactory@6d841626]" daemon [_thread_blocked, id=9416, stack(0x0000000000750000,0x0000000000850000)]
  0x000000001e617000 JavaThread "Cache worker for execution history cache (C:\Users\hp\AndroidStudioProjects\test_grnd\.gradle\6.1.1\executionHistory)" [_thread_blocked, id=23436, stack(0x0000000027970000,0x0000000027a70000)]
  0x000000001e61c800 JavaThread "Execution worker for ':' Thread 7" [_thread_blocked, id=19824, stack(0x0000000027870000,0x0000000027970000)]
  0x000000001e61e000 JavaThread "Execution worker for ':' Thread 6" [_thread_in_Java, id=5652, stack(0x0000000027770000,0x0000000027870000)]
  0x000000001e61b800 JavaThread "Execution worker for ':' Thread 5" [_thread_blocked, id=4548, stack(0x0000000026950000,0x0000000026a50000)]
  0x000000001e61a000 JavaThread "Execution worker for ':' Thread 4" [_thread_blocked, id=11356, stack(0x0000000026550000,0x0000000026650000)]
  0x000000001e61d000 JavaThread "Execution worker for ':' Thread 3" [_thread_in_Java, id=13104, stack(0x0000000026450000,0x0000000026550000)]
  0x000000001bfd0800 JavaThread "Execution worker for ':' Thread 2" [_thread_blocked, id=7740, stack(0x0000000026350000,0x0000000026450000)]
  0x000000001bfd4800 JavaThread "Execution worker for ':'" [_thread_in_native, id=9544, stack(0x0000000026040000,0x0000000026140000)]
  0x000000001fac3000 JavaThread "Cache worker for file content cache (C:\Users\hp\AndroidStudioProjects\test_grnd\.gradle\6.1.1\fileContent)" [_thread_blocked, id=10788, stack(0x0000000025ad0000,0x0000000025bd0000)]
  0x000000001fac7800 JavaThread "Cache worker for Build Output Cleanup Cache (C:\Users\hp\AndroidStudioProjects\test_grnd\.gradle\buildOutputCleanup)" [_thread_blocked, id=19300, stack(0x00000000257d0000,0x00000000258d0000)]
  0x000000001fac2000 JavaThread "pool-2-thread-1" [_thread_blocked, id=13020, stack(0x0000000024a10000,0x0000000024b10000)]
  0x000000001fac6000 JavaThread "Build operations Thread 8" [_thread_blocked, id=11208, stack(0x0000000024710000,0x0000000024810000)]
  0x000000001fac5000 JavaThread "Build operations Thread 7" [_thread_blocked, id=16380, stack(0x0000000024210000,0x0000000024310000)]
  0x000000001fac4800 JavaThread "Build operations Thread 6" [_thread_blocked, id=12948, stack(0x0000000024110000,0x0000000024210000)]
  0x000000001fac6800 JavaThread "Build operations Thread 5" [_thread_blocked, id=5524, stack(0x0000000024010000,0x0000000024110000)]
  0x000000001fac3800 JavaThread "Build operations Thread 4" [_thread_blocked, id=5676, stack(0x0000000023f10000,0x0000000024010000)]
  0x000000001a9bc800 JavaThread "Build operations Thread 3" [_thread_blocked, id=6568, stack(0x0000000023e10000,0x0000000023f10000)]
  0x000000001a9ba000 JavaThread "Build operations Thread 2" [_thread_blocked, id=21944, stack(0x0000000023d10000,0x0000000023e10000)]
  0x000000001a9bc000 JavaThread "Build operations" [_thread_blocked, id=18312, stack(0x0000000023c10000,0x0000000023d10000)]
  0x000000001a9b9800 JavaThread "Cache worker for cache directory md-rule (C:\Users\hp\.gradle\caches\6.1.1\md-rule)" [_thread_blocked, id=13320, stack(0x00000000228a0000,0x00000000229a0000)]
  0x000000001a9b8800 JavaThread "Cache worker for cache directory md-supplier (C:\Users\hp\.gradle\caches\6.1.1\md-supplier)" [_thread_blocked, id=16472, stack(0x0000000020a60000,0x0000000020b60000)]
  0x000000001a9b1000 JavaThread "Cache worker for file hash cache (C:\Users\hp\AndroidStudioProjects\test_grnd\.gradle\6.1.1\fileHashes)" [_thread_blocked, id=1772, stack(0x0000000020960000,0x0000000020a60000)]
  0x000000001a9b2800 JavaThread "Cache worker for checksums cache (C:\Users\hp\AndroidStudioProjects\test_grnd\.gradle\checksums)" [_thread_blocked, id=17864, stack(0x0000000020860000,0x0000000020960000)]
  0x000000001a9b8000 JavaThread "Thread-43" [_thread_blocked, id=20304, stack(0x0000000020760000,0x0000000020860000)]
  0x000000001a9b4000 JavaThread "Stdin handler" [_thread_blocked, id=13764, stack(0x0000000020660000,0x0000000020760000)]
  0x000000001a9b5000 JavaThread "Asynchronous log dispatcher for DefaultDaemonConnection: socket connection from /127.0.0.1:63284 to /127.0.0.1:63307" [_thread_blocked, id=13888, stack(0x000000001d9c0000,0x000000001dac0000)]
  0x000000001a9b2000 JavaThread "Cancel handler" [_thread_blocked, id=10356, stack(0x000000001d7c0000,0x000000001d8c0000)]
  0x000000001a9b7000 JavaThread "Handler for socket connection from /127.0.0.1:63284 to /127.0.0.1:63307" [_thread_in_native, id=19920, stack(0x000000001d4c0000,0x000000001d5c0000)]
  0x000000001a9bf800 JavaThread "RMI TCP Connection(2)-127.0.0.1" daemon [_thread_in_native, id=11484, stack(0x0000000027470000,0x0000000027570000)]
  0x000000001a9bf000 JavaThread "RMI Reaper" [_thread_blocked, id=10592, stack(0x0000000027370000,0x0000000027470000)]
  0x000000001a9be000 JavaThread "RMI TCP Accept-0" daemon [_thread_in_native, id=10312, stack(0x0000000027270000,0x0000000027370000)]
  0x000000001a9bd800 JavaThread "GC Daemon" daemon [_thread_blocked, id=20504, stack(0x0000000027170000,0x0000000027270000)]
  0x000000001a9bb000 JavaThread "RMI RenewClean-[127.0.0.1:17788,org.jetbrains.kotlin.daemon.common.LoopbackNetworkInterface$ClientLoopbackSocketFactory@5fb47748]" daemon [_thread_blocked, id=22400, stack(0x0000000027070000,0x0000000027170000)]
  0x000000001a9b5800 JavaThread "RMI Scheduler(0)" daemon [_thread_blocked, id=23540, stack(0x0000000026850000,0x0000000026950000)]
  0x000000001a9b0800 JavaThread "Cache worker for file content cache (C:\Users\hp\.gradle\caches\6.1.1\fileContent)" [_thread_blocked, id=10220, stack(0x0000000025440000,0x0000000025540000)]
  0x000000001a9b3800 JavaThread "Memory manager" [_thread_blocked, id=6676, stack(0x0000000024d10000,0x0000000024e10000)]
  0x000000001bfd1800 JavaThread "Cache worker for execution history cache (C:\Users\hp\.gradle\caches\6.1.1\executionHistory)" [_thread_blocked, id=22920, stack(0x0000000021da0000,0x0000000021ea0000)]
  0x000000001bfcf000 JavaThread "Cache worker for file hash cache (C:\Users\hp\.gradle\caches\6.1.1\fileHashes)" [_thread_blocked, id=2020, stack(0x000000001e1c0000,0x000000001e2c0000)]
  0x000000001bfd0000 JavaThread "File lock request listener" [_thread_in_native, id=18904, stack(0x000000001e0c0000,0x000000001e1c0000)]
  0x000000001c006800 JavaThread "Cache worker for journal cache (C:\Users\hp\.gradle\caches\journal-1)" [_thread_blocked, id=15024, stack(0x000000001dfc0000,0x000000001e0c0000)]
  0x000000001bebf000 JavaThread "Daemon worker" [_thread_in_native, id=22144, stack(0x000000001d8c0000,0x000000001d9c0000)]
  0x000000001bea3800 JavaThread "Daemon" [_thread_blocked, id=9192, stack(0x000000001d3c0000,0x000000001d4c0000)]
  0x000000001bd88800 JavaThread "Daemon periodic checks" [_thread_blocked, id=13504, stack(0x000000001d2c0000,0x000000001d3c0000)]
  0x000000001bd82000 JavaThread "Incoming local TCP Connector on port 63284" [_thread_in_native, id=18212, stack(0x000000001d080000,0x000000001d180000)]
  0x000000001bda7000 JavaThread "Daemon health stats" [_thread_blocked, id=14792, stack(0x000000001ca40000,0x000000001cb40000)]
  0x000000001945f000 JavaThread "Service Thread" daemon [_thread_blocked, id=22456, stack(0x000000001a0a0000,0x000000001a1a0000)]
  0x00000000193e6000 JavaThread "C1 CompilerThread3" daemon [_thread_in_vm, id=8160, stack(0x0000000019fa0000,0x000000001a0a0000)]
=>0x00000000193e0800 JavaThread "C2 CompilerThread2" daemon [_thread_in_native, id=3044, stack(0x0000000019ea0000,0x0000000019fa0000)]
  0x00000000193d6000 JavaThread "C2 CompilerThread1" daemon [_thread_in_native, id=11372, stack(0x0000000019da0000,0x0000000019ea0000)]
  0x00000000193d2000 JavaThread "C2 CompilerThread0" daemon [_thread_in_native, id=12972, stack(0x0000000019ca0000,0x0000000019da0000)]
  0x00000000193d0000 JavaThread "Attach Listener" daemon [_thread_blocked, id=21656, stack(0x0000000019ba0000,0x0000000019ca0000)]
  0x00000000193cf000 JavaThread "Signal Dispatcher" daemon [_thread_blocked, id=11116, stack(0x0000000019aa0000,0x0000000019ba0000)]
  0x0000000002558000 JavaThread "Finalizer" daemon [_thread_blocked, id=17004, stack(0x00000000198a0000,0x00000000199a0000)]
  0x00000000193c0800 JavaThread "Reference Handler" daemon [_thread_blocked, id=14816, stack(0x00000000197a0000,0x00000000198a0000)]
  0x0000000002462800 JavaThread "main" [_thread_blocked, id=9324, stack(0x0000000002290000,0x0000000002390000)]

Other Threads:
  0x00000000175c8800 VMThread [stack: 0x00000000192a0000,0x00000000193a0000] [id=13128]
  0x0000000019460000 WatcherThread [stack: 0x000000001a1a0000,0x000000001a2a0000] [id=23072]

VM state:not at safepoint (normal execution)

VM Mutex/Monitor currently owned by a thread: None

heap address: 0x0000000080000000, size: 2048 MB, Compressed Oops mode: 32-bit
Narrow klass base: 0x0000000000000000, Narrow klass shift: 3
Compressed class space size: 1073741824 Address: 0x0000000100000000

Heap:
 PSYoungGen      total 236032K, used 228414K [0x00000000d5580000, 0x00000000e5680000, 0x0000000100000000)
  eden space 219648K, 96% used [0x00000000d5580000,0x00000000e24ebe28,0x00000000e2c00000)
  from space 16384K, 97% used [0x00000000e4680000,0x00000000e5623c58,0x00000000e5680000)
  to   space 20480K, 0% used [0x00000000e2e80000,0x00000000e2e80000,0x00000000e4280000)
 ParOldGen       total 203264K, used 38055K [0x0000000080000000, 0x000000008c680000, 0x00000000d5580000)
  object space 203264K, 18% used [0x0000000080000000,0x0000000082529c40,0x000000008c680000)
 Metaspace       used 74694K, capacity 78380K, committed 78616K, reserved 1118208K
  class space    used 10030K, capacity 10752K, committed 10800K, reserved 1048576K

Card table byte_map: [0x0000000011920000,0x0000000011d30000] byte_map_base: 0x0000000011520000

Marking Bits: (ParMarkBitMap*) 0x000000005127f030
 Begin Bits: [0x00000000127e0000, 0x00000000147e0000)
 End Bits:   [0x00000000147e0000, 0x00000000167e0000)

Polling page: 0x0000000000570000

CodeCache: size=245760Kb used=25713Kb max_used=25718Kb free=220046Kb
 bounds [0x0000000002560000, 0x0000000003ea0000, 0x0000000011560000]
 total_blobs=9215 nmethods=8386 adapters=741
 compilation: enabled

Compilation events (10 events):
Event: 75.764 Thread 0x00000000193e6000 9623       3       java.io.Bits::putFloat (10 bytes)
Event: 75.765 Thread 0x00000000193e6000 nmethod 9623 0x0000000003e82110 code [0x0000000003e82280, 0x0000000003e824e8]
Event: 75.765 Thread 0x00000000193d6000 9624       4       org.gradle.internal.serialize.AbstractEncoder$EncoderStream::write (11 bytes)
Event: 75.765 Thread 0x00000000193e6000 9625       3       com.google.protobuf.UnknownFieldSet::getDefaultInstance (4 bytes)
Event: 75.765 Thread 0x00000000193e6000 nmethod 9625 0x0000000003e81e10 code [0x0000000003e81f60, 0x0000000003e82090]
Event: 75.766 Thread 0x00000000193e6000 9626       3       org.gradle.api.internal.provider.Providers$FixedValueProvider::getType (14 bytes)
Event: 75.766 Thread 0x00000000193e6000 nmethod 9626 0x0000000003e81890 code [0x0000000003e81a00, 0x0000000003e81d30]
Event: 75.767 Thread 0x00000000193d2000 9627       4       org.gradle.internal.snapshot.SnapshotUtil::getMetadataFromChildren (317 bytes)
Event: 75.774 Thread 0x00000000193d6000 nmethod 9624 0x0000000003e9e150 code [0x0000000003e9e2a0, 0x0000000003e9e6a8]
Event: 75.774 Thread 0x00000000193d6000 9632       4       org.gradle.tooling.internal.provider.runner.SubtreeFilteringBuildOperationListener::finished (72 bytes)

GC Heap History (10 events):
Event: 9.163 GC heap before
{Heap before GC invocations=9 (full 2):
 PSYoungGen      total 122880K, used 9165K [0x00000000d5580000, 0x00000000e2280000, 0x0000000100000000)
  eden space 110592K, 0% used [0x00000000d5580000,0x00000000d5580000,0x00000000dc180000)
  from space 12288K, 74% used [0x00000000dc180000,0x00000000dca737d8,0x00000000dcd80000)
  to   space 11776K, 0% used [0x00000000e1700000,0x00000000e1700000,0x00000000e2280000)
 ParOldGen       total 90112K, used 7204K [0x0000000080000000, 0x0000000085800000, 0x00000000d5580000)
  object space 90112K, 7% used [0x0000000080000000,0x00000000807093b0,0x0000000085800000)
 Metaspace       used 34448K, capacity 35342K, committed 35496K, reserved 1079296K
  class space    used 4718K, capacity 4934K, committed 5040K, reserved 1048576K
Event: 9.225 GC heap after
Heap after GC invocations=9 (full 2):
 PSYoungGen      total 122880K, used 0K [0x00000000d5580000, 0x00000000e2280000, 0x0000000100000000)
  eden space 110592K, 0% used [0x00000000d5580000,0x00000000d5580000,0x00000000dc180000)
  from space 12288K, 0% used [0x00000000dc180000,0x00000000dc180000,0x00000000dcd80000)
  to   space 11776K, 0% used [0x00000000e1700000,0x00000000e1700000,0x00000000e2280000)
 ParOldGen       total 132096K, used 15814K [0x0000000080000000, 0x0000000088100000, 0x00000000d5580000)
  object space 132096K, 11% used [0x0000000080000000,0x0000000080f719f0,0x0000000088100000)
 Metaspace       used 34448K, capacity 35342K, committed 35496K, reserved 1079296K
  class space    used 4718K, capacity 4934K, committed 5040K, reserved 1048576K
}
Event: 11.223 GC heap before
{Heap before GC invocations=10 (full 2):
 PSYoungGen      total 122880K, used 110592K [0x00000000d5580000, 0x00000000e2280000, 0x0000000100000000)
  eden space 110592K, 100% used [0x00000000d5580000,0x00000000dc180000,0x00000000dc180000)
  from space 12288K, 0% used [0x00000000dc180000,0x00000000dc180000,0x00000000dcd80000)
  to   space 11776K, 0% used [0x00000000e1700000,0x00000000e1700000,0x00000000e2280000)
 ParOldGen       total 132096K, used 15814K [0x0000000080000000, 0x0000000088100000, 0x00000000d5580000)
  object space 132096K, 11% used [0x0000000080000000,0x0000000080f719f0,0x0000000088100000)
 Metaspace       used 44375K, capacity 45962K, committed 46128K, reserved 1089536K
  class space    used 6000K, capacity 6383K, committed 6448K, reserved 1048576K
Event: 11.241 GC heap after
Heap after GC invocations=10 (full 2):
 PSYoungGen      total 182784K, used 11774K [0x00000000d5580000, 0x00000000e2280000, 0x0000000100000000)
  eden space 171008K, 0% used [0x00000000d5580000,0x00000000d5580000,0x00000000dfc80000)
  from space 11776K, 99% used [0x00000000e1700000,0x00000000e227fac8,0x00000000e2280000)
  to   space 13312K, 0% used [0x00000000e0880000,0x00000000e0880000,0x00000000e1580000)
 ParOldGen       total 132096K, used 17151K [0x0000000080000000, 0x0000000088100000, 0x00000000d5580000)
  object space 132096K, 12% used [0x0000000080000000,0x00000000810bfe28,0x0000000088100000)
 Metaspace       used 44375K, capacity 45962K, committed 46128K, reserved 1089536K
  class space    used 6000K, capacity 6383K, committed 6448K, reserved 1048576K
}
Event: 14.229 GC heap before
{Heap before GC invocations=11 (full 2):
 PSYoungGen      total 182784K, used 178903K [0x00000000d5580000, 0x00000000e2280000, 0x0000000100000000)
  eden space 171008K, 97% used [0x00000000d5580000,0x00000000df8b62d8,0x00000000dfc80000)
  from space 11776K, 99% used [0x00000000e1700000,0x00000000e227fac8,0x00000000e2280000)
  to   space 13312K, 0% used [0x00000000e0880000,0x00000000e0880000,0x00000000e1580000)
 ParOldGen       total 132096K, used 17151K [0x0000000080000000, 0x0000000088100000, 0x00000000d5580000)
  object space 132096K, 12% used [0x0000000080000000,0x00000000810bfe28,0x0000000088100000)
 Metaspace       used 57092K, capacity 59122K, committed 59160K, reserved 1099776K
  class space    used 7726K, capacity 8226K, committed 8240K, reserved 1048576K
Event: 14.290 GC heap after
Heap after GC invocations=11 (full 2):
 PSYoungGen      total 196608K, used 13300K [0x00000000d5580000, 0x00000000e5a00000, 0x0000000100000000)
  eden space 183296K, 0% used [0x00000000d5580000,0x00000000d5580000,0x00000000e0880000)
  from space 13312K, 99% used [0x00000000e0880000,0x00000000e157d300,0x00000000e1580000)
  to   space 19968K, 0% used [0x00000000e4680000,0x00000000e4680000,0x00000000e5a00000)
 ParOldGen       total 132096K, used 29602K [0x0000000080000000, 0x0000000088100000, 0x00000000d5580000)
  object space 132096K, 22% used [0x0000000080000000,0x0000000081ce8a98,0x0000000088100000)
 Metaspace       used 57092K, capacity 59122K, committed 59160K, reserved 1099776K
  class space    used 7726K, capacity 8226K, committed 8240K, reserved 1048576K
}
Event: 14.290 GC heap before
{Heap before GC invocations=12 (full 3):
 PSYoungGen      total 196608K, used 13300K [0x00000000d5580000, 0x00000000e5a00000, 0x0000000100000000)
  eden space 183296K, 0% used [0x00000000d5580000,0x00000000d5580000,0x00000000e0880000)
  from space 13312K, 99% used [0x00000000e0880000,0x00000000e157d300,0x00000000e1580000)
  to   space 19968K, 0% used [0x00000000e4680000,0x00000000e4680000,0x00000000e5a00000)
 ParOldGen       total 132096K, used 29602K [0x0000000080000000, 0x0000000088100000, 0x00000000d5580000)
  object space 132096K, 22% used [0x0000000080000000,0x0000000081ce8a98,0x0000000088100000)
 Metaspace       used 57092K, capacity 59122K, committed 59160K, reserved 1099776K
  class space    used 7726K, capacity 8226K, committed 8240K, reserved 1048576K
Event: 14.662 GC heap after
Heap after GC invocations=12 (full 3):
 PSYoungGen      total 196608K, used 0K [0x00000000d5580000, 0x00000000e5a00000, 0x0000000100000000)
  eden space 183296K, 0% used [0x00000000d5580000,0x00000000d5580000,0x00000000e0880000)
  from space 13312K, 0% used [0x00000000e0880000,0x00000000e0880000,0x00000000e1580000)
  to   space 19968K, 0% used [0x00000000e4680000,0x00000000e4680000,0x00000000e5a00000)
 ParOldGen       total 203264K, used 38047K [0x0000000080000000, 0x000000008c680000, 0x00000000d5580000)
  object space 203264K, 18% used [0x0000000080000000,0x0000000082527c40,0x000000008c680000)
 Metaspace       used 57085K, capacity 59098K, committed 59160K, reserved 1099776K
  class space    used 7724K, capacity 8222K, committed 8240K, reserved 1048576K
}
Event: 17.042 GC heap before
{Heap before GC invocations=13 (full 3):
 PSYoungGen      total 196608K, used 183296K [0x00000000d5580000, 0x00000000e5a00000, 0x0000000100000000)
  eden space 183296K, 100% used [0x00000000d5580000,0x00000000e0880000,0x00000000e0880000)
  from space 13312K, 0% used [0x00000000e0880000,0x00000000e0880000,0x00000000e1580000)
  to   space 19968K, 0% used [0x00000000e4680000,0x00000000e4680000,0x00000000e5a00000)
 ParOldGen       total 203264K, used 38047K [0x0000000080000000, 0x000000008c680000, 0x00000000d5580000)
  object space 203264K, 18% used [0x0000000080000000,0x0000000082527c40,0x000000008c680000)
 Metaspace       used 64611K, capacity 67902K, committed 67992K, reserved 1107968K
  class space    used 8919K, capacity 9574K, committed 9648K, reserved 1048576K
Event: 17.060 GC heap after
Heap after GC invocations=13 (full 3):
 PSYoungGen      total 236032K, used 16015K [0x00000000d5580000, 0x00000000e5680000, 0x0000000100000000)
  eden space 219648K, 0% used [0x00000000d5580000,0x00000000d5580000,0x00000000e2c00000)
  from space 16384K, 97% used [0x00000000e4680000,0x00000000e5623c58,0x00000000e5680000)
  to   space 20480K, 0% used [0x00000000e2e80000,0x00000000e2e80000,0x00000000e4280000)
 ParOldGen       total 203264K, used 38055K [0x0000000080000000, 0x000000008c680000, 0x00000000d5580000)
  object space 203264K, 18% used [0x0000000080000000,0x0000000082529c40,0x000000008c680000)
 Metaspace       used 64611K, capacity 67902K, committed 67992K, reserved 1107968K
  class space    used 8919K, capacity 9574K, committed 9648K, reserved 1048576K
}

Deoptimization events (10 events):
Event: 49.496 Thread 0x000000001e61a000 Uncommon trap: reason=null_check action=make_not_entrant pc=0x0000000003c6f3e4 method=org.gradle.tooling.internal.provider.runner.SubtreeFilteringBuildOperationListener.started(Lorg/gradle/internal/operations/BuildOperationDescriptor;Lorg/gradle/internal/
Event: 49.503 Thread 0x000000001bebf000 Uncommon trap: reason=unstable_if action=reinterpret pc=0x00000000027d5440 method=java.util.concurrent.ConcurrentLinkedQueue.poll()Ljava/lang/Object; @ 25
Event: 49.740 Thread 0x000000001bebf000 Uncommon trap: reason=unstable_if action=reinterpret pc=0x0000000002eba2cc method=com.google.common.cache.LongAdder.add(J)V @ 24
Event: 75.624 Thread 0x000000001e617000 Uncommon trap: reason=unstable_if action=reinterpret pc=0x0000000002ec1310 method=com.esotericsoftware.kryo.io.Output.writeString(Ljava/lang/CharSequence;)V @ 50
Event: 75.742 Thread 0x000000001e61e000 Uncommon trap: reason=unstable_if action=reinterpret pc=0x00000000032bb10c method=org.objectweb.asm.MethodWriter.visitLabel(Lorg/objectweb/asm/Label;)V @ 238
Event: 75.742 Thread 0x000000001e61e000 Uncommon trap: reason=unstable_if action=reinterpret pc=0x00000000034e1464 method=org.objectweb.asm.MethodWriter.visitInsn(I)V @ 32
Event: 75.742 Thread 0x000000001e61e000 Uncommon trap: reason=unstable_if action=reinterpret pc=0x00000000032ca790 method=org.objectweb.asm.MethodWriter.visitMethodInsn(ILjava/lang/String;Ljava/lang/String;Ljava/lang/String;Z)V @ 89
Event: 75.743 Thread 0x000000001e61e000 Uncommon trap: reason=unstable_if action=reinterpret pc=0x0000000003841f84 method=org.objectweb.asm.AnnotationWriter.computeAnnotationsSize(Lorg/objectweb/asm/AnnotationWriter;Lorg/objectweb/asm/AnnotationWriter;Lorg/objectweb/asm/AnnotationWriter;Lorg/ob
Event: 75.743 Thread 0x000000001e61e000 Uncommon trap: reason=unstable_if action=reinterpret pc=0x00000000034e4f7c method=org.objectweb.asm.AnnotationWriter.putAnnotations(Lorg/objectweb/asm/SymbolTable;Lorg/objectweb/asm/AnnotationWriter;Lorg/objectweb/asm/AnnotationWriter;Lorg/objectweb/asm/A
Event: 75.768 Thread 0x000000001e61a000 Uncommon trap: reason=null_check action=make_not_entrant pc=0x0000000003e51ea8 method=org.gradle.tooling.internal.provider.runner.SubtreeFilteringBuildOperationListener.finished(Lorg/gradle/internal/operations/BuildOperationDescriptor;Lorg/gradle/internal

Classes redefined (0 events):
No events

Internal exceptions (10 events):
Event: 75.747 Thread 0x000000001e61e000 Exception <a 'sun/nio/fs/WindowsException'> (0x00000000e21941c8) thrown at [C:\src\AOSP-openjdk-git\hotspot\src\share\vm\prims\jni.cpp, line 710]
Event: 75.747 Thread 0x000000001e61e000 Exception <a 'sun/nio/fs/WindowsException'> (0x00000000e2194e48) thrown at [C:\src\AOSP-openjdk-git\hotspot\src\share\vm\prims\jni.cpp, line 710]
Event: 75.747 Thread 0x000000001e61e000 Exception <a 'sun/nio/fs/WindowsException'> (0x00000000e2195b38) thrown at [C:\src\AOSP-openjdk-git\hotspot\src\share\vm\prims\jni.cpp, line 710]
Event: 75.749 Thread 0x000000001e61e000 Exception <a 'sun/nio/fs/WindowsException'> (0x00000000e219c8c0) thrown at [C:\src\AOSP-openjdk-git\hotspot\src\share\vm\prims\jni.cpp, line 710]
Event: 75.749 Thread 0x000000001e61e000 Exception <a 'sun/nio/fs/WindowsException'> (0x00000000e219d580) thrown at [C:\src\AOSP-openjdk-git\hotspot\src\share\vm\prims\jni.cpp, line 710]
Event: 75.749 Thread 0x000000001e61e000 Exception <a 'sun/nio/fs/WindowsException'> (0x00000000e219e2b0) thrown at [C:\src\AOSP-openjdk-git\hotspot\src\share\vm\prims\jni.cpp, line 710]
Event: 75.750 Thread 0x000000001e61e000 Exception <a 'sun/nio/fs/WindowsException'> (0x00000000e21a03d0) thrown at [C:\src\AOSP-openjdk-git\hotspot\src\share\vm\prims\jni.cpp, line 710]
Event: 75.750 Thread 0x000000001e61e000 Exception <a 'sun/nio/fs/WindowsException'> (0x00000000e21a10a0) thrown at [C:\src\AOSP-openjdk-git\hotspot\src\share\vm\prims\jni.cpp, line 710]
Event: 75.750 Thread 0x000000001e61e000 Exception <a 'sun/nio/fs/WindowsException'> (0x00000000e21a1de0) thrown at [C:\src\AOSP-openjdk-git\hotspot\src\share\vm\prims\jni.cpp, line 710]
Event: 75.768 Thread 0x000000001e61a000 Implicit null exception at 0x0000000003e514ff to 0x0000000003e51e81

Events (10 events):
Event: 75.762 loading class org/gradle/internal/execution/history/changes/DefaultIncrementalInputProperties done
Event: 75.762 loading class org/gradle/internal/execution/history/changes/DefaultIncrementalInputProperties
Event: 75.762 loading class org/gradle/internal/execution/history/changes/DefaultIncrementalInputProperties done
Event: 75.763 loading class org/gradle/internal/execution/history/changes/ClasspathCompareStrategy$TrackingVisitor
Event: 75.763 loading class org/gradle/internal/execution/history/changes/ClasspathCompareStrategy$TrackingVisitor done
Event: 75.763 loading class org/gradle/internal/execution/history/changes/ClasspathCompareStrategy$ChangeState
Event: 75.763 loading class org/gradle/internal/execution/history/changes/ClasspathCompareStrategy$ChangeState done
Event: 75.768 Thread 0x000000001e61a000 Uncommon trap: trap_request=0xfffffff4 fr.pc=0x0000000003e51ea8
Event: 75.768 Thread 0x000000001e61a000 DEOPT PACKING pc=0x0000000003e51ea8 sp=0x000000002664cea0
Event: 75.768 Thread 0x000000001e61a000 DEOPT UNPACKING pc=0x00000000025a557b sp=0x000000002664ce50 mode 2


Dynamic libraries:
0x00007ff79da90000 - 0x00007ff79dac1000 	C:\Program Files\Android\Android Studio\jre\bin\java.exe
0x00007fff9d1c0000 - 0x00007fff9d3b0000 	C:\WINDOWS\SYSTEM32\ntdll.dll
0x00007fff9c350000 - 0x00007fff9c402000 	C:\WINDOWS\System32\KERNEL32.DLL
0x00007fff9a150000 - 0x00007fff9a3f4000 	C:\WINDOWS\System32\KERNELBASE.dll
0x00007fff9b630000 - 0x00007fff9b6d3000 	C:\WINDOWS\System32\ADVAPI32.dll
0x00007fff9ce70000 - 0x00007fff9cf0e000 	C:\WINDOWS\System32\msvcrt.dll
0x00007fff9c4b0000 - 0x00007fff9c547000 	C:\WINDOWS\System32\sechost.dll
0x00007fff9c230000 - 0x00007fff9c350000 	C:\WINDOWS\System32\RPCRT4.dll
0x00007fff9cfc0000 - 0x00007fff9d154000 	C:\WINDOWS\System32\USER32.dll
0x00007fff9b240000 - 0x00007fff9b261000 	C:\WINDOWS\System32\win32u.dll
0x00007fff9b770000 - 0x00007fff9b796000 	C:\WINDOWS\System32\GDI32.dll
0x00007fff9a430000 - 0x00007fff9a5c4000 	C:\WINDOWS\System32\gdi32full.dll
0x00007fff9a7a0000 - 0x00007fff9a83e000 	C:\WINDOWS\System32\msvcp_win.dll
0x00007fff9a6a0000 - 0x00007fff9a79a000 	C:\WINDOWS\System32\ucrtbase.dll
0x00007fff85050000 - 0x00007fff852d4000 	C:\WINDOWS\WinSxS\amd64_microsoft.windows.common-controls_6595b64144ccf1df_6.0.18362.836_none_e6c4b943130f18ed\COMCTL32.dll
0x00007fff9b2f0000 - 0x00007fff9b626000 	C:\WINDOWS\System32\combase.dll
0x00007fff9a620000 - 0x00007fff9a6a0000 	C:\WINDOWS\System32\bcryptPrimitives.dll
0x00007fff9c410000 - 0x00007fff9c43e000 	C:\WINDOWS\System32\IMM32.DLL
0x0000000051590000 - 0x0000000051662000 	C:\Program Files\Android\Android Studio\jre\jre\bin\msvcr100.dll
0x0000000050ab0000 - 0x00000000512fb000 	C:\Program Files\Android\Android Studio\jre\jre\bin\server\jvm.dll
0x00007fff9b760000 - 0x00007fff9b768000 	C:\WINDOWS\System32\PSAPI.DLL
0x00007fff74570000 - 0x00007fff74579000 	C:\WINDOWS\SYSTEM32\WSOCK32.dll
0x00007fff94190000 - 0x00007fff941b4000 	C:\WINDOWS\SYSTEM32\WINMM.dll
0x00007fff920c0000 - 0x00007fff920ca000 	C:\WINDOWS\SYSTEM32\VERSION.dll
0x00007fff9bfb0000 - 0x00007fff9c01f000 	C:\WINDOWS\System32\WS2_32.dll
0x00007fff94160000 - 0x00007fff9418d000 	C:\WINDOWS\SYSTEM32\WINMMBASE.dll
0x00007fff9a5d0000 - 0x00007fff9a61a000 	C:\WINDOWS\System32\cfgmgr32.dll
0x00007fff886b0000 - 0x00007fff886bf000 	C:\Program Files\Android\Android Studio\jre\jre\bin\verify.dll
0x00007fff85d50000 - 0x00007fff85d79000 	C:\Program Files\Android\Android Studio\jre\jre\bin\java.dll
0x00007fff83440000 - 0x00007fff83456000 	C:\Program Files\Android\Android Studio\jre\jre\bin\zip.dll
0x00007fff9c780000 - 0x00007fff9ce64000 	C:\WINDOWS\System32\SHELL32.dll
0x00007fff9cf10000 - 0x00007fff9cfb9000 	C:\WINDOWS\System32\shcore.dll
0x00007fff9a9b0000 - 0x00007fff9b12e000 	C:\WINDOWS\System32\windows.storage.dll
0x00007fff9a0b0000 - 0x00007fff9a0d3000 	C:\WINDOWS\System32\profapi.dll
0x00007fff9a0e0000 - 0x00007fff9a12a000 	C:\WINDOWS\System32\powrprof.dll
0x00007fff9a080000 - 0x00007fff9a090000 	C:\WINDOWS\System32\UMPDC.dll
0x00007fff9b7b0000 - 0x00007fff9b802000 	C:\WINDOWS\System32\shlwapi.dll
0x00007fff9a090000 - 0x00007fff9a0a1000 	C:\WINDOWS\System32\kernel.appcore.dll
0x00007fff9a990000 - 0x00007fff9a9a7000 	C:\WINDOWS\System32\cryptsp.dll
0x00007fff83420000 - 0x00007fff8343a000 	C:\Program Files\Android\Android Studio\jre\jre\bin\net.dll
0x00007fff998f0000 - 0x00007fff99957000 	C:\WINDOWS\system32\mswsock.dll
0x00007fff832b0000 - 0x00007fff832c3000 	C:\Program Files\Android\Android Studio\jre\jre\bin\nio.dll
0x00007fff75d10000 - 0x00007fff75d36000 	C:\Users\hp\.gradle\native\31\windows-amd64\native-platform.dll
0x00007fff886a0000 - 0x00007fff886ad000 	C:\Program Files\Android\Android Studio\jre\jre\bin\management.dll
0x00007fff99400000 - 0x00007fff99433000 	C:\WINDOWS\system32\rsaenh.dll
0x00007fff9a400000 - 0x00007fff9a426000 	C:\WINDOWS\System32\bcrypt.dll
0x00007fff99f70000 - 0x00007fff99f95000 	C:\WINDOWS\SYSTEM32\USERENV.dll
0x00007fff99ac0000 - 0x00007fff99acc000 	C:\WINDOWS\SYSTEM32\CRYPTBASE.dll
0x00007fff995a0000 - 0x00007fff995da000 	C:\WINDOWS\SYSTEM32\IPHLPAPI.DLL
0x00007fff9b810000 - 0x00007fff9b818000 	C:\WINDOWS\System32\NSI.dll
0x00007fff8e7a0000 - 0x00007fff8e7b6000 	C:\WINDOWS\SYSTEM32\dhcpcsvc6.DLL
0x00007fff8f4f0000 - 0x00007fff8f50c000 	C:\WINDOWS\SYSTEM32\dhcpcsvc.DLL
0x00007fff995e0000 - 0x00007fff996ab000 	C:\WINDOWS\SYSTEM32\DNSAPI.dll
0x00007fff94270000 - 0x00007fff9428e000 	C:\Users\hp\AppData\Local\Temp\native-platform8152637069478095324dir\native-platform.dll

VM Arguments:
jvm_args: -Xmx2048m -Dfile.encoding=windows-1252 -Duser.country=US -Duser.language=en -Duser.variant 
java_command: org.gradle.launcher.daemon.bootstrap.GradleDaemon 6.1.1
java_class_path (initial): C:\Users\hp\.gradle\wrapper\dists\gradle-6.1.1-all\cfmwm155h49vnt3hynmlrsdst\gradle-6.1.1\lib\gradle-launcher-6.1.1.jar
Launcher Type: SUN_STANDARD

Environment Variables:
USERNAME=hp
OS=Windows_NT
PROCESSOR_IDENTIFIER=Intel64 Family 6 Model 142 Stepping 10, GenuineIntel



---------------  S Y S T E M  ---------------

OS: Windows 10.0 , 64 bit Build 18362 (10.0.18362.778)

CPU:total 8 (initial active 8) (4 cores per cpu, 2 threads per core) family 6 model 142 stepping 10, cmov, cx8, fxsr, mmx, sse, sse2, sse3, ssse3, sse4.1, sse4.2, popcnt, avx, avx2, aes, clmul, erms, 3dnowpref, lzcnt, ht, tsc, tscinvbit, bmi1, bmi2, adx

Memory: 4k page, physical 16658916k(3452280k free), swap 16658916k(5252k free)

vm_info: OpenJDK 64-Bit Server VM (25.242-b01) for windows-amd64 JRE (1.8.0_242-release-1644-b01), built by "builder" with MS VC++ 10.0 (VS2010)

time: Fri Jun 05 23:23:56 2020
timezone: Arabian Standard Time
elapsed time: 75 seconds (0d 0h 1m 15s)

