#
# There is insufficient memory for the Java Runtime Environment to continue.
# Native memory allocation (malloc) failed to allocate 1048576 bytes for AllocateHeap
# Possible reasons:
#   The system is out of physical RAM or swap space
#   The process is running with CompressedOops enabled, and the Java Heap may be blocking the growth of the native heap
# Possible solutions:
#   Reduce memory load on the system
#   Increase physical memory or swap space
#   Check if swap backing store is full
#   Decrease Java heap size (-Xmx/-Xms)
#   Decrease number of Java threads
#   Decrease Java thread stack sizes (-Xss)
#   Set larger code cache with -XX:ReservedCodeCacheSize=
#   JVM is running with Zero Based Compressed Oops mode in which the Java heap is
#     placed in the first 32GB address space. The Java Heap base address is the
#     maximum limit for the native heap growth. Please use -XX:HeapBaseMinAddress
#     to set the Java Heap base and to place the Java Heap above 32GB virtual address.
# This output file may be truncated or incomplete.
#
#  Out of Memory Error (memory/allocation.inline.hpp:61), pid=19000, tid=0x0000000000003e18
#
# JRE version:  (8.0_242-b01) (build )
# Java VM: OpenJDK 64-Bit Server VM (25.242-b01 mixed mode windows-amd64 compressed oops)
# Failed to write core dump. Minidumps are not enabled by default on client versions of Windows
#

---------------  T H R E A D  ---------------

Current thread (0x0000000002ab6000):  JavaThread "Unknown thread" [_thread_in_vm, id=15896, stack(0x00000000029b0000,0x0000000002ab0000)]

Stack: [0x00000000029b0000,0x0000000002ab0000]
[error occurred during error reporting (printing stack bounds), id 0xc0000005]

Native frames: (J=compiled Java code, j=interpreted, Vv=VM code, C=native code)


---------------  P R O C E S S  ---------------

Java Threads: ( => current thread )

Other Threads:

=>0x0000000002ab6000 (exited) JavaThread "Unknown thread" [_thread_in_vm, id=15896, stack(0x00000000029b0000,0x0000000002ab0000)]

VM state:not at safepoint (normal execution)

VM Mutex/Monitor currently owned by a thread: None

heap address: 0x00000006c1c00000, size: 4068 MB, Compressed Oops mode: Zero based, Oop shift amount: 3
Narrow klass base: 0x0000000000000000, Narrow klass shift: 3
Compressed class space size: 1073741824 Address: 0x00000007c0000000

Heap:
 PSYoungGen      total 76288K, used 1310K [0x000000076b400000, 0x0000000770900000, 0x00000007c0000000)
  eden space 65536K, 2% used [0x000000076b400000,0x000000076b547af0,0x000000076f400000)
  from space 10752K, 0% used [0x000000076fe80000,0x000000076fe80000,0x0000000770900000)
  to   space 10752K, 0% used [0x000000076f400000,0x000000076f400000,0x000000076fe80000)
 ParOldGen       total 175104K, used 0K [0x00000006c1c00000, 0x00000006cc700000, 0x000000076b400000)
  object space 175104K, 0% used [0x00000006c1c00000,0x00000006c1c00000,0x00000006cc700000)
 Metaspace       used 779K, capacity 4480K, committed 4480K, reserved 1056768K
  class space    used 74K, capacity 384K, committed 384K, reserved 1048576K

Card table byte_map: [0x0000000011f70000,0x0000000012770000] byte_map_base: 0x000000000e962000

Marking Bits: (ParMarkBitMap*) 0x000000005127f030
 Begin Bits: [0x00000000134c0000, 0x0000000017450000)
 End Bits:   [0x0000000017450000, 0x000000001b3e0000)

Polling page: 0x00000000007f0000

CodeCache: size=245760Kb used=328Kb max_used=328Kb free=245431Kb
 bounds [0x0000000002bb0000, 0x0000000002e20000, 0x0000000011bb0000]
 total_blobs=57 nmethods=0 adapters=38
 compilation: enabled

Compilation events (0 events):
No events

GC Heap History (0 events):
No events

Deoptimization events (0 events):
No events

Classes redefined (0 events):
No events

Internal exceptions (0 events):
No events

Events (10 events):
Event: 0.033 loading class java/lang/Short
Event: 0.034 loading class java/lang/Short done
Event: 0.034 loading class java/lang/Integer
Event: 0.034 loading class java/lang/Integer done
Event: 0.034 loading class java/lang/Long
Event: 0.034 loading class java/lang/Long done
Event: 0.035 loading class java/lang/NullPointerException
Event: 0.035 loading class java/lang/NullPointerException done
Event: 0.035 loading class java/lang/ArithmeticException
Event: 0.035 loading class java/lang/ArithmeticException done


Dynamic libraries:
0x00007ff675110000 - 0x00007ff675141000 	C:\Program Files\Android\Android Studio\jre\jre\bin\java.exe
0x00007fff9d1c0000 - 0x00007fff9d3b0000 	C:\WINDOWS\SYSTEM32\ntdll.dll
0x00007fff9c350000 - 0x00007fff9c402000 	C:\WINDOWS\System32\KERNEL32.DLL
0x00007fff9a150000 - 0x00007fff9a3f4000 	C:\WINDOWS\System32\KERNELBASE.dll
0x00007fff9b630000 - 0x00007fff9b6d3000 	C:\WINDOWS\System32\ADVAPI32.dll
0x00007fff9ce70000 - 0x00007fff9cf0e000 	C:\WINDOWS\System32\msvcrt.dll
0x00007fff9c4b0000 - 0x00007fff9c547000 	C:\WINDOWS\System32\sechost.dll
0x00007fff9c230000 - 0x00007fff9c350000 	C:\WINDOWS\System32\RPCRT4.dll
0x00007fff9cfc0000 - 0x00007fff9d154000 	C:\WINDOWS\System32\USER32.dll
0x00007fff9b240000 - 0x00007fff9b261000 	C:\WINDOWS\System32\win32u.dll
0x00007fff9b770000 - 0x00007fff9b796000 	C:\WINDOWS\System32\GDI32.dll
0x00007fff9a430000 - 0x00007fff9a5c4000 	C:\WINDOWS\System32\gdi32full.dll
0x00007fff9a7a0000 - 0x00007fff9a83e000 	C:\WINDOWS\System32\msvcp_win.dll
0x00007fff9a6a0000 - 0x00007fff9a79a000 	C:\WINDOWS\System32\ucrtbase.dll
0x00007fff85050000 - 0x00007fff852d4000 	C:\WINDOWS\WinSxS\amd64_microsoft.windows.common-controls_6595b64144ccf1df_6.0.18362.836_none_e6c4b943130f18ed\COMCTL32.dll
0x00007fff9b2f0000 - 0x00007fff9b626000 	C:\WINDOWS\System32\combase.dll
0x00007fff9a620000 - 0x00007fff9a6a0000 	C:\WINDOWS\System32\bcryptPrimitives.dll
0x00007fff9c410000 - 0x00007fff9c43e000 	C:\WINDOWS\System32\IMM32.DLL
0x0000000051590000 - 0x0000000051662000 	C:\Program Files\Android\Android Studio\jre\jre\bin\msvcr100.dll
0x0000000050ab0000 - 0x00000000512fb000 	C:\Program Files\Android\Android Studio\jre\jre\bin\server\jvm.dll
0x00007fff9b760000 - 0x00007fff9b768000 	C:\WINDOWS\System32\PSAPI.DLL
0x00007fff920c0000 - 0x00007fff920ca000 	C:\WINDOWS\SYSTEM32\VERSION.dll
0x00007fff94190000 - 0x00007fff941b4000 	C:\WINDOWS\SYSTEM32\WINMM.dll
0x00007fff74570000 - 0x00007fff74579000 	C:\WINDOWS\SYSTEM32\WSOCK32.dll
0x00007fff9bfb0000 - 0x00007fff9c01f000 	C:\WINDOWS\System32\WS2_32.dll
0x00007fff94160000 - 0x00007fff9418d000 	C:\WINDOWS\SYSTEM32\WINMMBASE.dll
0x00007fff9a5d0000 - 0x00007fff9a61a000 	C:\WINDOWS\System32\cfgmgr32.dll
0x00007fff886b0000 - 0x00007fff886bf000 	C:\Program Files\Android\Android Studio\jre\jre\bin\verify.dll
0x00007fff85d50000 - 0x00007fff85d79000 	C:\Program Files\Android\Android Studio\jre\jre\bin\java.dll
0x00007fff83440000 - 0x00007fff83456000 	C:\Program Files\Android\Android Studio\jre\jre\bin\zip.dll

VM Arguments:
java_command: org.jetbrains.kotlin.cli.jvm.K2JVMCompiler -Xallow-no-source-files -classpath C:\Users\hp\AndroidStudioProjects\test_grnd\app\build\intermediates\compile_and_runtime_not_namespaced_r_class_jar\debug\R.jar;C:\Users\hp\.gradle\caches\transforms-2\files-2.1\d8ecf77db437180f5945578a4d2539b5\jetified-kotlin-android-extensions-runtime-1.3.72.jar;C:\Users\hp\.gradle\caches\transforms-2\files-2.1\58717fd35b9f8892fe9be42af9e828a2\jetified-core-ktx-1.3.0-api.jar;C:\Users\hp\.gradle\caches\transforms-2\files-2.1\d7918a34a298ce6afd050963fe8285f4\jetified-kotlin-stdlib-1.3.72.jar;C:\Users\hp\.gradle\caches\transforms-2\files-2.1\7a610442c037d944b5571b97c8bc4008\jetified-kotlin-stdlib-common-1.3.72.jar;C:\Users\hp\.gradle\caches\transforms-2\files-2.1\b5ebe2cccd14b8a63e84eff597aa9d39\jetified-annotations-13.0.jar;C:\Users\hp\.gradle\caches\transforms-2\files-2.1\6346ad293ce0dc7ca4519590745d37e2\appcompat-1.1.0-api.jar;C:\Users\hp\.gradle\caches\transforms-2\files-2.1\bad9133806d0e6c17c5a646b095e10cf\fragment-1.1.0-api.jar;C:\Users\hp\.gradle\caches\transforms-2\files-2.1\573ac89088ae58f443ffe889cc5549e3\jetified-appcompat-resources-1.1.0-api.jar;C:\Users\hp\.gradle\caches\transforms-2\files-2.1\bbaf16160d0fa95398e1045beb1d0010\drawerlayout-1.0.0-api.jar;C:\Users\hp\.gradle\caches\transforms-2\files-2.1\3fd228e3ff76b95fe97ea7f2e2a78818\viewpager-1.0.0-api.jar;C:\Users\hp\.gradle\caches\transforms-2\files-2.1\88de42c7f900dd67b54e6b2166f3a37a\loader-1.0.0-api.jar;C:\Users\hp\.gradle\caches\transforms-2\files-2.1\8535ab70bb651513ebc4459b595a4dc4\jetified-activity-1.0.0-api.jar;C:\Users\hp\.gradle\caches\transforms-2\files-2.1\09f1405faca12a7c354e1276ae92d60a\vectordrawable-animated-1.1.0-api.jar;C:\Users\hp\.gradle\caches\transforms-2\files-2.1\0e5da3aaa8fb5db4904296d6b2ff36c1\vectordrawable-1.1.0-api.jar;C:\Users\hp\.gradle\caches\transforms-2\files-2.1\5c99a88195e5ff342896ce52cc5bba45\customview-1.0.0-api.jar;C:\Users\hp\.gradle\caches\transforms-2\files-2.1\a80ef5b
java_class_path (initial): C:\Users\hp\.gradle\caches\modules-2\files-2.1\org.jetbrains.kotlin\kotlin-compiler-embeddable\1.3.72\fb72232c8fa977d5e07d33c43381ddbdc5edab6\kotlin-compiler-embeddable-1.3.72.jar;C:\Users\hp\.gradle\caches\modules-2\files-2.1\org.jetbrains.kotlin\kotlin-reflect\1.3.72\86613e1a669a701b0c660bfd2af4f82a7ae11fca\kotlin-reflect-1.3.72.jar;C:\Users\hp\.gradle\caches\modules-2\files-2.1\org.jetbrains.kotlin\kotlin-stdlib\1.3.72\8032138f12c0180bc4e51fe139d4c52b46db6109\kotlin-stdlib-1.3.72.jar;C:\Users\hp\.gradle\caches\modules-2\files-2.1\org.jetbrains.kotlin\kotlin-script-runtime\1.3.72\657d8d34d91e1964b4439378c09933e840bfe8d5\kotlin-script-runtime-1.3.72.jar;C:\Users\hp\.gradle\caches\modules-2\files-2.1\org.jetbrains.kotlin\kotlin-daemon-embeddable\1.3.72\53bbaa2816dbf6bdb85f629451b1fcc88f2164d2\kotlin-daemon-embeddable-1.3.72.jar;C:\Users\hp\.gradle\caches\modules-2\files-2.1\org.jetbrains.intellij.deps\trove4j\1.0.20181211\216c2e14b070f334479d800987affe4054cd563f\trove4j-1.0.20181211.jar;C:\Users\hp\.gradle\caches\modules-2\files-2.1\org.jetbrains.kotlin\kotlin-stdlib-common\1.3.72\6ca8bee3d88957eaaaef077c41c908c9940492d8\kotlin-stdlib-common-1.3.72.jar;C:\Users\hp\.gradle\caches\modules-2\files-2.1\org.jetbrains\annotations\13.0\919f0dfe192fb4e063e7dacadee7f8bb9a2672a9\annotations-13.0.jar;C:\Program Files\Android\Android Studio\jre\lib\tools.jar
Launcher Type: SUN_STANDARD

Environment Variables:
USERNAME=hp
OS=Windows_NT
PROCESSOR_IDENTIFIER=Intel64 Family 6 Model 142 Stepping 10, GenuineIntel



---------------  S Y S T E M  ---------------

OS: Windows 10.0 , 64 bit Build 18362 (10.0.18362.778)

CPU:total 8 (initial active 8) (4 cores per cpu, 2 threads per core) family 6 model 142 stepping 10, cmov, cx8, fxsr, mmx, sse, sse2, sse3, ssse3, sse4.1, sse4.2, popcnt, avx, avx2, aes, clmul, erms, 3dnowpref, lzcnt, ht, tsc, tscinvbit, bmi1, bmi2, adx

Memory: 4k page, physical 16658916k(3733716k free), swap 16658916k(5348k free)

vm_info: OpenJDK 64-Bit Server VM (25.242-b01) for windows-amd64 JRE (1.8.0_242-release-1644-b01), built by "builder" with MS VC++ 10.0 (VS2010)

time: Fri Jun 05 23:23:14 2020
timezone: Arabian Standard Time
elapsed time: 0 seconds (0d 0h 0m 0s)

