#
# There is insufficient memory for the Java Runtime Environment to continue.
# Native memory allocation (malloc) failed to allocate 1596496 bytes for Chunk::new
# Possible reasons:
#   The system is out of physical RAM or swap space
#   The process is running with CompressedOops enabled, and the Java Heap may be blocking the growth of the native heap
# Possible solutions:
#   Reduce memory load on the system
#   Increase physical memory or swap space
#   Check if swap backing store is full
#   Decrease Java heap size (-Xmx/-Xms)
#   Decrease number of Java threads
#   Decrease Java thread stack sizes (-Xss)
#   Set larger code cache with -XX:ReservedCodeCacheSize=
#   JVM is running with Unscaled Compressed Oops mode in which the Java heap is
#     placed in the first 4GB address space. The Java Heap base address is the
#     maximum limit for the native heap growth. Please use -XX:HeapBaseMinAddress
#     to set the Java Heap base and to place the Java Heap above 4GB virtual address.
# This output file may be truncated or incomplete.
#
#  Out of Memory Error (allocation.cpp:389), pid=8988, tid=0x00000000000033ec
#
# JRE version: OpenJDK Runtime Environment (8.0_242-b01) (build 1.8.0_242-release-1644-b01)
# Java VM: OpenJDK 64-Bit Server VM (25.242-b01 mixed mode windows-amd64 compressed oops)
# Failed to write core dump. Minidumps are not enabled by default on client versions of Windows
#

---------------  T H R E A D  ---------------

Current thread (0x000000001a183000):  JavaThread "C2 CompilerThread0" daemon [_thread_in_native, id=13292, stack(0x000000001aa50000,0x000000001ab50000)]

Stack: [0x000000001aa50000,0x000000001ab50000]
[error occurred during error reporting (printing stack bounds), id 0xc0000005]

Native frames: (J=compiled Java code, j=interpreted, Vv=VM code, C=native code)


Current CompileTask:
C2: 188779 11013   !   4       java.io.ObjectOutputStream::writeObject0 (619 bytes)


---------------  P R O C E S S  ---------------

Java Threads: ( => current thread )
  0x000000001f93c800 JavaThread "Thread-101" [_thread_in_native, id=10156, stack(0x0000000028e70000,0x0000000028f70000)]
  0x000000001f937800 JavaThread "Cache worker for execution history cache (C:\Users\hp\AndroidStudioProjects\test_grnd\.gradle\6.1.1\executionHistory)" [_thread_blocked, id=19908, stack(0x00000000285c0000,0x00000000286c0000)]
  0x000000001f93d000 JavaThread "Execution worker for ':' Thread 7" [_thread_blocked, id=15340, stack(0x00000000284c0000,0x00000000285c0000)]
  0x000000001f93e800 JavaThread "Execution worker for ':' Thread 6" [_thread_blocked, id=6980, stack(0x00000000283c0000,0x00000000284c0000)]
  0x000000001f93b000 JavaThread "Execution worker for ':' Thread 5" [_thread_blocked, id=15132, stack(0x00000000282c0000,0x00000000283c0000)]
  0x000000001f93a000 JavaThread "Execution worker for ':' Thread 4" [_thread_blocked, id=23000, stack(0x00000000281c0000,0x00000000282c0000)]
  0x000000001f93e000 JavaThread "Execution worker for ':' Thread 3" [_thread_blocked, id=21948, stack(0x00000000280c0000,0x00000000281c0000)]
  0x000000001f937000 JavaThread "Execution worker for ':' Thread 2" [_thread_blocked, id=16368, stack(0x0000000027fc0000,0x00000000280c0000)]
  0x000000001f939000 JavaThread "Execution worker for ':'" [_thread_blocked, id=17888, stack(0x0000000027b40000,0x0000000027c40000)]
  0x000000001f930000 JavaThread "Cache worker for file content cache (C:\Users\hp\AndroidStudioProjects\test_grnd\.gradle\6.1.1\fileContent)" [_thread_blocked, id=16048, stack(0x0000000027c50000,0x0000000027d50000)]
  0x000000001f92f800 JavaThread "Cache worker for Build Output Cleanup Cache (C:\Users\hp\AndroidStudioProjects\test_grnd\.gradle\buildOutputCleanup)" [_thread_blocked, id=6836, stack(0x0000000027a40000,0x0000000027b40000)]
  0x000000001f936000 JavaThread "pool-4-thread-1" [_thread_blocked, id=18064, stack(0x0000000027940000,0x0000000027a40000)]
  0x000000001f934800 JavaThread "Build operations Thread 8" [_thread_blocked, id=20780, stack(0x0000000026440000,0x0000000026540000)]
  0x000000001f935800 JavaThread "Build operations Thread 7" [_thread_blocked, id=1880, stack(0x0000000025740000,0x0000000025840000)]
  0x000000001f931800 JavaThread "Build operations Thread 6" [_thread_blocked, id=10508, stack(0x0000000025440000,0x0000000025540000)]
  0x000000001f932800 JavaThread "Build operations Thread 5" [_thread_blocked, id=20704, stack(0x0000000024f40000,0x0000000025040000)]
  0x000000001f934000 JavaThread "Build operations Thread 4" [_thread_blocked, id=19140, stack(0x0000000024e40000,0x0000000024f40000)]
  0x000000001f931000 JavaThread "Build operations Thread 3" [_thread_blocked, id=18676, stack(0x0000000024d40000,0x0000000024e40000)]
  0x00000000229a6800 JavaThread "Build operations Thread 2" [_thread_blocked, id=17688, stack(0x0000000024c40000,0x0000000024d40000)]
  0x00000000229a4800 JavaThread "Build operations" [_thread_blocked, id=11976, stack(0x0000000024b40000,0x0000000024c40000)]
  0x00000000229a6000 JavaThread "Cache worker for cache directory md-rule (C:\Users\hp\.gradle\caches\6.1.1\md-rule)" [_thread_blocked, id=15556, stack(0x0000000024a40000,0x0000000024b40000)]
  0x00000000229a9000 JavaThread "Cache worker for cache directory md-supplier (C:\Users\hp\.gradle\caches\6.1.1\md-supplier)" [_thread_blocked, id=9032, stack(0x00000000246c0000,0x00000000247c0000)]
  0x00000000229a5000 JavaThread "Cache worker for file hash cache (C:\Users\hp\AndroidStudioProjects\test_grnd\.gradle\6.1.1\fileHashes)" [_thread_blocked, id=16228, stack(0x00000000245c0000,0x00000000246c0000)]
  0x00000000229a8000 JavaThread "Cache worker for checksums cache (C:\Users\hp\AndroidStudioProjects\test_grnd\.gradle\checksums)" [_thread_blocked, id=4868, stack(0x00000000229f0000,0x0000000022af0000)]
  0x000000002299d000 JavaThread "Thread-78" [_thread_blocked, id=9904, stack(0x0000000020040000,0x0000000020140000)]
  0x00000000229a1800 JavaThread "Stdin handler" [_thread_blocked, id=14360, stack(0x000000001e770000,0x000000001e870000)]
  0x00000000229a3800 JavaThread "Asynchronous log dispatcher for DefaultDaemonConnection: socket connection from /127.0.0.1:63136 to /127.0.0.1:63271" [_thread_blocked, id=17852, stack(0x000000001e670000,0x000000001e770000)]
  0x00000000229a0000 JavaThread "Daemon worker Thread 2" [_thread_blocked, id=19776, stack(0x000000001e170000,0x000000001e270000)]
  0x00000000229a0800 JavaThread "Cancel handler" [_thread_blocked, id=11152, stack(0x0000000001640000,0x0000000001740000)]
  0x00000000229a3000 JavaThread "Handler for socket connection from /127.0.0.1:63136 to /127.0.0.1:63271" [_thread_in_native, id=17552, stack(0x0000000001540000,0x0000000001640000)]
  0x000000002299b800 JavaThread "Daemon Thread 2" [_thread_blocked, id=22856, stack(0x0000000001440000,0x0000000001540000)]
  0x00000000229a7800 JavaThread "Cache worker for file content cache (C:\Users\hp\.gradle\caches\6.1.1\fileContent)" [_thread_blocked, id=2340, stack(0x0000000026340000,0x0000000026440000)]
  0x00000000229aa800 JavaThread "Memory manager" [_thread_blocked, id=19508, stack(0x0000000026240000,0x0000000026340000)]
  0x000000001ce5d000 JavaThread "Cache worker for execution history cache (C:\Users\hp\.gradle\caches\6.1.1\executionHistory)" [_thread_blocked, id=1720, stack(0x0000000022af0000,0x0000000022bf0000)]
  0x000000001ce5e800 JavaThread "Cache worker for file hash cache (C:\Users\hp\.gradle\caches\6.1.1\fileHashes)" [_thread_blocked, id=9748, stack(0x000000001ef70000,0x000000001f070000)]
  0x000000001ce5b800 JavaThread "File lock request listener" [_thread_in_native, id=16700, stack(0x000000001ee70000,0x000000001ef70000)]
  0x000000001ce12000 JavaThread "Cache worker for journal cache (C:\Users\hp\.gradle\caches\journal-1)" [_thread_blocked, id=8504, stack(0x000000001ed70000,0x000000001ee70000)]
  0x000000001cc37800 JavaThread "Daemon periodic checks" [_thread_blocked, id=19280, stack(0x000000001e070000,0x000000001e170000)]
  0x000000001cc9b800 JavaThread "Incoming local TCP Connector on port 63136" [_thread_in_native, id=20632, stack(0x000000001de30000,0x000000001df30000)]
  0x000000001cc2e000 JavaThread "Daemon health stats" [_thread_blocked, id=22408, stack(0x000000001d7f0000,0x000000001d8f0000)]
  0x000000001a20a000 JavaThread "Service Thread" daemon [_thread_blocked, id=17940, stack(0x000000001ae50000,0x000000001af50000)]
  0x000000001a199000 JavaThread "C1 CompilerThread3" daemon [_thread_blocked, id=17772, stack(0x000000001ad50000,0x000000001ae50000)]
  0x000000001a191000 JavaThread "C2 CompilerThread2" daemon [_thread_blocked, id=12120, stack(0x000000001ac50000,0x000000001ad50000)]
  0x000000001a18a800 JavaThread "C2 CompilerThread1" daemon [_thread_blocked, id=2644, stack(0x000000001ab50000,0x000000001ac50000)]
=>0x000000001a183000 JavaThread "C2 CompilerThread0" daemon [_thread_in_native, id=13292, stack(0x000000001aa50000,0x000000001ab50000)]
  0x000000001a181800 JavaThread "Attach Listener" daemon [_thread_blocked, id=20116, stack(0x000000001a950000,0x000000001aa50000)]
  0x000000001a180800 JavaThread "Signal Dispatcher" daemon [_thread_blocked, id=11668, stack(0x000000001a850000,0x000000001a950000)]
  0x000000001a171000 JavaThread "Finalizer" daemon [_thread_blocked, id=4196, stack(0x000000001a650000,0x000000001a750000)]
  0x000000001a170800 JavaThread "Reference Handler" daemon [_thread_blocked, id=21364, stack(0x000000001a550000,0x000000001a650000)]
  0x0000000003212800 JavaThread "main" [_thread_blocked, id=14488, stack(0x0000000003070000,0x0000000003170000)]

Other Threads:
  0x0000000018378000 VMThread [stack: 0x000000001a050000,0x000000001a150000] [id=16800]
  0x000000001a20b000 WatcherThread [stack: 0x000000001af50000,0x000000001b050000] [id=18812]

VM state:not at safepoint (normal execution)

VM Mutex/Monitor currently owned by a thread: None

heap address: 0x0000000080000000, size: 2048 MB, Compressed Oops mode: 32-bit
Narrow klass base: 0x0000000000000000, Narrow klass shift: 3
Compressed class space size: 1073741824 Address: 0x0000000100000000

Heap:
 PSYoungGen      total 224768K, used 145184K [0x00000000d5580000, 0x00000000e7000000, 0x0000000100000000)
  eden space 204288K, 61% used [0x00000000d5580000,0x00000000dcf48cb8,0x00000000e1d00000)
  from space 20480K, 99% used [0x00000000e1d00000,0x00000000e30ff4d0,0x00000000e3100000)
  to   space 26624K, 0% used [0x00000000e5600000,0x00000000e5600000,0x00000000e7000000)
 ParOldGen       total 213504K, used 48027K [0x0000000080000000, 0x000000008d080000, 0x00000000d5580000)
  object space 213504K, 22% used [0x0000000080000000,0x0000000082ee6df0,0x000000008d080000)
 Metaspace       used 76200K, capacity 79772K, committed 79896K, reserved 1118208K
  class space    used 10063K, capacity 10760K, committed 10800K, reserved 1048576K

Card table byte_map: [0x00000000126d0000,0x0000000012ae0000] byte_map_base: 0x00000000122d0000

Marking Bits: (ParMarkBitMap*) 0x000000005127f030
 Begin Bits: [0x0000000013590000, 0x0000000015590000)
 End Bits:   [0x0000000015590000, 0x0000000017590000)

Polling page: 0x0000000001330000

CodeCache: size=245760Kb used=30273Kb max_used=30285Kb free=215486Kb
 bounds [0x0000000003310000, 0x00000000050d0000, 0x0000000012310000]
 total_blobs=10454 nmethods=9616 adapters=750
 compilation: enabled

Compilation events (10 events):
Event: 188.458 Thread 0x000000001a199000 nmethod 11128 0x00000000050b69d0 code [0x00000000050b6ba0, 0x00000000050b73a8]
Event: 188.458 Thread 0x000000001a199000 11130       3       kotlin.reflect.jvm.internal.KCallableImpl::getVisibility (19 bytes)
Event: 188.459 Thread 0x000000001a199000 nmethod 11130 0x00000000050b6410 code [0x00000000050b65a0, 0x00000000050b68d8]
Event: 188.459 Thread 0x000000001a199000 11127       1       kotlin.reflect.jvm.internal.impl.descriptors.impl.FunctionDescriptorImpl::getExtensionReceiverParameter (5 bytes)
Event: 188.459 Thread 0x000000001a199000 nmethod 11127 0x00000000050adad0 code [0x00000000050adc20, 0x00000000050add30]
Event: 188.462 Thread 0x000000001a199000 11131       3       java.lang.String::format (16 bytes)
Event: 188.463 Thread 0x000000001a199000 nmethod 11131 0x00000000050b4f50 code [0x00000000050b5180, 0x00000000050b5d58]
Event: 188.463 Thread 0x000000001a199000 11132       3       java.util.Formatter::<init> (18 bytes)
Event: 188.464 Thread 0x000000001a199000 nmethod 11132 0x00000000050b4350 code [0x00000000050b4520, 0x00000000050b4bc8]
Event: 188.467 Thread 0x000000001a191000 nmethod 11129 0x00000000050c7490 code [0x00000000050c7620, 0x00000000050c7be8]

GC Heap History (10 events):
Event: 14.062 GC heap before
{Heap before GC invocations=10 (full 2):
 PSYoungGen      total 122368K, used 110080K [0x00000000d5580000, 0x00000000e2100000, 0x0000000100000000)
  eden space 110080K, 100% used [0x00000000d5580000,0x00000000dc100000,0x00000000dc100000)
  from space 12288K, 0% used [0x00000000dc100000,0x00000000dc100000,0x00000000dcd00000)
  to   space 12288K, 0% used [0x00000000e1500000,0x00000000e1500000,0x00000000e2100000)
 ParOldGen       total 137728K, used 15907K [0x0000000080000000, 0x0000000088680000, 0x00000000d5580000)
  object space 137728K, 11% used [0x0000000080000000,0x0000000080f88cd0,0x0000000088680000)
 Metaspace       used 44422K, capacity 45980K, committed 46128K, reserved 1089536K
  class space    used 6004K, capacity 6386K, committed 6448K, reserved 1048576K
Event: 14.082 GC heap after
Heap after GC invocations=10 (full 2):
 PSYoungGen      total 174080K, used 12281K [0x00000000d5580000, 0x00000000e2100000, 0x0000000100000000)
  eden space 161792K, 0% used [0x00000000d5580000,0x00000000d5580000,0x00000000df380000)
  from space 12288K, 99% used [0x00000000e1500000,0x00000000e20fe740,0x00000000e2100000)
  to   space 13824K, 0% used [0x00000000e0600000,0x00000000e0600000,0x00000000e1380000)
 ParOldGen       total 137728K, used 16536K [0x0000000080000000, 0x0000000088680000, 0x00000000d5580000)
  object space 137728K, 12% used [0x0000000080000000,0x0000000081026330,0x0000000088680000)
 Metaspace       used 44422K, capacity 45980K, committed 46128K, reserved 1089536K
  class space    used 6004K, capacity 6386K, committed 6448K, reserved 1048576K
}
Event: 18.135 GC heap before
{Heap before GC invocations=11 (full 2):
 PSYoungGen      total 174080K, used 174073K [0x00000000d5580000, 0x00000000e2100000, 0x0000000100000000)
  eden space 161792K, 100% used [0x00000000d5580000,0x00000000df380000,0x00000000df380000)
  from space 12288K, 99% used [0x00000000e1500000,0x00000000e20fe740,0x00000000e2100000)
  to   space 13824K, 0% used [0x00000000e0600000,0x00000000e0600000,0x00000000e1380000)
 ParOldGen       total 137728K, used 16536K [0x0000000080000000, 0x0000000088680000, 0x00000000d5580000)
  object space 137728K, 12% used [0x0000000080000000,0x0000000081026330,0x0000000088680000)
 Metaspace       used 57135K, capacity 59136K, committed 59160K, reserved 1099776K
  class space    used 7732K, capacity 8229K, committed 8240K, reserved 1048576K
Event: 18.173 GC heap after
Heap after GC invocations=11 (full 2):
 PSYoungGen      total 194560K, used 13804K [0x00000000d5580000, 0x00000000e4480000, 0x0000000100000000)
  eden space 180736K, 0% used [0x00000000d5580000,0x00000000d5580000,0x00000000e0600000)
  from space 13824K, 99% used [0x00000000e0600000,0x00000000e137b310,0x00000000e1380000)
  to   space 19968K, 0% used [0x00000000e3100000,0x00000000e3100000,0x00000000e4480000)
 ParOldGen       total 137728K, used 28492K [0x0000000080000000, 0x0000000088680000, 0x00000000d5580000)
  object space 137728K, 20% used [0x0000000080000000,0x0000000081bd32d0,0x0000000088680000)
 Metaspace       used 57135K, capacity 59136K, committed 59160K, reserved 1099776K
  class space    used 7732K, capacity 8229K, committed 8240K, reserved 1048576K
}
Event: 18.173 GC heap before
{Heap before GC invocations=12 (full 3):
 PSYoungGen      total 194560K, used 13804K [0x00000000d5580000, 0x00000000e4480000, 0x0000000100000000)
  eden space 180736K, 0% used [0x00000000d5580000,0x00000000d5580000,0x00000000e0600000)
  from space 13824K, 99% used [0x00000000e0600000,0x00000000e137b310,0x00000000e1380000)
  to   space 19968K, 0% used [0x00000000e3100000,0x00000000e3100000,0x00000000e4480000)
 ParOldGen       total 137728K, used 28492K [0x0000000080000000, 0x0000000088680000, 0x00000000d5580000)
  object space 137728K, 20% used [0x0000000080000000,0x0000000081bd32d0,0x0000000088680000)
 Metaspace       used 57135K, capacity 59136K, committed 59160K, reserved 1099776K
  class space    used 7732K, capacity 8229K, committed 8240K, reserved 1048576K
Event: 18.566 GC heap after
Heap after GC invocations=12 (full 3):
 PSYoungGen      total 194560K, used 0K [0x00000000d5580000, 0x00000000e4480000, 0x0000000100000000)
  eden space 180736K, 0% used [0x00000000d5580000,0x00000000d5580000,0x00000000e0600000)
  from space 13824K, 0% used [0x00000000e0600000,0x00000000e0600000,0x00000000e1380000)
  to   space 19968K, 0% used [0x00000000e3100000,0x00000000e3100000,0x00000000e4480000)
 ParOldGen       total 213504K, used 38049K [0x0000000080000000, 0x000000008d080000, 0x00000000d5580000)
  object space 213504K, 17% used [0x0000000080000000,0x0000000082528500,0x000000008d080000)
 Metaspace       used 57123K, capacity 59094K, committed 59160K, reserved 1099776K
  class space    used 7729K, capacity 8222K, committed 8240K, reserved 1048576K
}
Event: 21.804 GC heap before
{Heap before GC invocations=13 (full 3):
 PSYoungGen      total 194560K, used 180736K [0x00000000d5580000, 0x00000000e4480000, 0x0000000100000000)
  eden space 180736K, 100% used [0x00000000d5580000,0x00000000e0600000,0x00000000e0600000)
  from space 13824K, 0% used [0x00000000e0600000,0x00000000e0600000,0x00000000e1380000)
  to   space 19968K, 0% used [0x00000000e3100000,0x00000000e3100000,0x00000000e4480000)
 ParOldGen       total 213504K, used 38049K [0x0000000080000000, 0x000000008d080000, 0x00000000d5580000)
  object space 213504K, 17% used [0x0000000080000000,0x0000000082528500,0x000000008d080000)
 Metaspace       used 64416K, capacity 67472K, committed 67608K, reserved 1107968K
  class space    used 8857K, capacity 9503K, committed 9520K, reserved 1048576K
Event: 21.829 GC heap after
Heap after GC invocations=13 (full 3):
 PSYoungGen      total 224256K, used 15820K [0x00000000d5580000, 0x00000000e4e80000, 0x0000000100000000)
  eden space 204288K, 0% used [0x00000000d5580000,0x00000000d5580000,0x00000000e1d00000)
  from space 19968K, 79% used [0x00000000e3100000,0x00000000e4073220,0x00000000e4480000)
  to   space 20480K, 0% used [0x00000000e1d00000,0x00000000e1d00000,0x00000000e3100000)
 ParOldGen       total 213504K, used 38057K [0x0000000080000000, 0x000000008d080000, 0x00000000d5580000)
  object space 213504K, 17% used [0x0000000080000000,0x000000008252a500,0x000000008d080000)
 Metaspace       used 64416K, capacity 67472K, committed 67608K, reserved 1107968K
  class space    used 8857K, capacity 9503K, committed 9520K, reserved 1048576K
}
Event: 37.835 GC heap before
{Heap before GC invocations=14 (full 3):
 PSYoungGen      total 224256K, used 220108K [0x00000000d5580000, 0x00000000e4e80000, 0x0000000100000000)
  eden space 204288K, 100% used [0x00000000d5580000,0x00000000e1d00000,0x00000000e1d00000)
  from space 19968K, 79% used [0x00000000e3100000,0x00000000e4073220,0x00000000e4480000)
  to   space 20480K, 0% used [0x00000000e1d00000,0x00000000e1d00000,0x00000000e3100000)
 ParOldGen       total 213504K, used 38057K [0x0000000080000000, 0x000000008d080000, 0x00000000d5580000)
  object space 213504K, 17% used [0x0000000080000000,0x000000008252a500,0x000000008d080000)
 Metaspace       used 75333K, capacity 78752K, committed 78872K, reserved 1118208K
  class space    used 10044K, capacity 10730K, committed 10800K, reserved 1048576K
Event: 37.864 GC heap after
Heap after GC invocations=14 (full 3):
 PSYoungGen      total 224768K, used 20477K [0x00000000d5580000, 0x00000000e7000000, 0x0000000100000000)
  eden space 204288K, 0% used [0x00000000d5580000,0x00000000d5580000,0x00000000e1d00000)
  from space 20480K, 99% used [0x00000000e1d00000,0x00000000e30ff4d0,0x00000000e3100000)
  to   space 26624K, 0% used [0x00000000e5600000,0x00000000e5600000,0x00000000e7000000)
 ParOldGen       total 213504K, used 48027K [0x0000000080000000, 0x000000008d080000, 0x00000000d5580000)
  object space 213504K, 22% used [0x0000000080000000,0x0000000082ee6df0,0x000000008d080000)
 Metaspace       used 75333K, capacity 78752K, committed 78872K, reserved 1118208K
  class space    used 10044K, capacity 10730K, committed 10800K, reserved 1048576K
}

Deoptimization events (10 events):
Event: 74.558 Thread 0x000000001cc37800 Uncommon trap: reason=bimorphic action=maybe_recompile pc=0x0000000004e54768 method=java.util.HashMap.removeNode(ILjava/lang/Object;Ljava/lang/Object;ZZ)Ljava/util/HashMap$Node; @ 283
Event: 74.563 Thread 0x000000001cc37800 Uncommon trap: reason=bimorphic action=maybe_recompile pc=0x0000000004e54768 method=java.util.HashMap.removeNode(ILjava/lang/Object;Ljava/lang/Object;ZZ)Ljava/util/HashMap$Node; @ 283
Event: 104.560 Thread 0x000000001cc37800 Uncommon trap: reason=bimorphic action=maybe_recompile pc=0x0000000004e54768 method=java.util.HashMap.removeNode(ILjava/lang/Object;Ljava/lang/Object;ZZ)Ljava/util/HashMap$Node; @ 283
Event: 187.391 Thread 0x00000000229a0000 Uncommon trap: reason=array_check action=maybe_recompile pc=0x0000000004bc1104 method=com.google.common.collect.ImmutableSet.construct(I[Ljava/lang/Object;)Lcom/google/common/collect/ImmutableSet; @ 122
Event: 187.395 Thread 0x00000000229a0000 Uncommon trap: reason=array_check action=maybe_recompile pc=0x0000000004bc1104 method=com.google.common.collect.ImmutableSet.construct(I[Ljava/lang/Object;)Lcom/google/common/collect/ImmutableSet; @ 122
Event: 187.395 Thread 0x00000000229a0000 Uncommon trap: reason=array_check action=maybe_recompile pc=0x0000000004bc1104 method=com.google.common.collect.ImmutableSet.construct(I[Ljava/lang/Object;)Lcom/google/common/collect/ImmutableSet; @ 122
Event: 187.396 Thread 0x00000000229a0000 Uncommon trap: reason=array_check action=maybe_recompile pc=0x0000000004bc1104 method=com.google.common.collect.ImmutableSet.construct(I[Ljava/lang/Object;)Lcom/google/common/collect/ImmutableSet; @ 122
Event: 187.999 Thread 0x000000001f93a000 Uncommon trap: reason=unstable_if action=reinterpret pc=0x0000000004e4e140 method=org.gradle.internal.service.DefaultServiceRegistry$ManagedObjectServiceProvider.getInstance()Ljava/lang/Object; @ 19
Event: 188.039 Thread 0x000000001f93e000 Uncommon trap: reason=unstable_if action=reinterpret pc=0x0000000003530f28 method=java.util.concurrent.ConcurrentLinkedQueue.poll()Ljava/lang/Object; @ 74
Event: 188.387 Thread 0x00000000229a0000 Uncommon trap: reason=unstable_if action=reinterpret pc=0x0000000004d197f8 method=org.gradle.internal.snapshot.VfsRelativePath.compareToFirstSegment(Ljava/lang/String;Lorg/gradle/internal/snapshot/CaseSensitivity;)I @ 134

Classes redefined (0 events):
No events

Internal exceptions (10 events):
Event: 188.396 Thread 0x00000000229a0000 Exception <a 'sun/nio/fs/WindowsException'> (0x00000000dcd44b98) thrown at [C:\src\AOSP-openjdk-git\hotspot\src\share\vm\prims\jni.cpp, line 710]
Event: 188.396 Thread 0x00000000229a0000 Exception <a 'sun/nio/fs/WindowsException'> (0x00000000dcd47430) thrown at [C:\src\AOSP-openjdk-git\hotspot\src\share\vm\prims\jni.cpp, line 710]
Event: 188.396 Thread 0x00000000229a0000 Exception <a 'sun/nio/fs/WindowsException'> (0x00000000dcd48c20) thrown at [C:\src\AOSP-openjdk-git\hotspot\src\share\vm\prims\jni.cpp, line 710]
Event: 188.397 Thread 0x00000000229a0000 Exception <a 'sun/nio/fs/WindowsException'> (0x00000000dcd4a480) thrown at [C:\src\AOSP-openjdk-git\hotspot\src\share\vm\prims\jni.cpp, line 710]
Event: 188.397 Thread 0x00000000229a0000 Exception <a 'sun/nio/fs/WindowsException'> (0x00000000dcd4cd48) thrown at [C:\src\AOSP-openjdk-git\hotspot\src\share\vm\prims\jni.cpp, line 710]
Event: 188.397 Thread 0x00000000229a0000 Exception <a 'sun/nio/fs/WindowsException'> (0x00000000dcd4e538) thrown at [C:\src\AOSP-openjdk-git\hotspot\src\share\vm\prims\jni.cpp, line 710]
Event: 188.397 Thread 0x00000000229a0000 Exception <a 'sun/nio/fs/WindowsException'> (0x00000000dcd4fda0) thrown at [C:\src\AOSP-openjdk-git\hotspot\src\share\vm\prims\jni.cpp, line 710]
Event: 188.397 Thread 0x00000000229a0000 Exception <a 'sun/nio/fs/WindowsException'> (0x00000000dcd52668) thrown at [C:\src\AOSP-openjdk-git\hotspot\src\share\vm\prims\jni.cpp, line 710]
Event: 188.398 Thread 0x00000000229a0000 Exception <a 'sun/nio/fs/WindowsException'> (0x00000000dcd53e58) thrown at [C:\src\AOSP-openjdk-git\hotspot\src\share\vm\prims\jni.cpp, line 710]
Event: 188.398 Thread 0x00000000229a0000 Exception <a 'sun/nio/fs/WindowsException'> (0x00000000dcd556c0) thrown at [C:\src\AOSP-openjdk-git\hotspot\src\share\vm\prims\jni.cpp, line 710]

Events (10 events):
Event: 188.443 Executing VM operation: RevokeBias done
Event: 188.458 Executing VM operation: RevokeBias
Event: 188.458 Executing VM operation: RevokeBias done
Event: 188.460 Executing VM operation: RevokeBias
Event: 188.461 Executing VM operation: RevokeBias done
Event: 188.463 Executing VM operation: RevokeBias
Event: 188.463 Executing VM operation: RevokeBias done
Event: 188.464 Executing VM operation: RevokeBias
Event: 188.464 Executing VM operation: RevokeBias done
Event: 188.468 Thread 0x000000001f93c800 Thread added: 0x000000001f93c800


Dynamic libraries:
0x00007ff79da90000 - 0x00007ff79dac1000 	C:\Program Files\Android\Android Studio\jre\bin\java.exe
0x00007fff9d1c0000 - 0x00007fff9d3b0000 	C:\WINDOWS\SYSTEM32\ntdll.dll
0x00007fff9c350000 - 0x00007fff9c402000 	C:\WINDOWS\System32\KERNEL32.DLL
0x00007fff9a150000 - 0x00007fff9a3f4000 	C:\WINDOWS\System32\KERNELBASE.dll
0x00007fff9b630000 - 0x00007fff9b6d3000 	C:\WINDOWS\System32\ADVAPI32.dll
0x00007fff9ce70000 - 0x00007fff9cf0e000 	C:\WINDOWS\System32\msvcrt.dll
0x00007fff9c4b0000 - 0x00007fff9c547000 	C:\WINDOWS\System32\sechost.dll
0x00007fff9c230000 - 0x00007fff9c350000 	C:\WINDOWS\System32\RPCRT4.dll
0x00007fff9cfc0000 - 0x00007fff9d154000 	C:\WINDOWS\System32\USER32.dll
0x00007fff9b240000 - 0x00007fff9b261000 	C:\WINDOWS\System32\win32u.dll
0x00007fff9b770000 - 0x00007fff9b796000 	C:\WINDOWS\System32\GDI32.dll
0x00007fff9a430000 - 0x00007fff9a5c4000 	C:\WINDOWS\System32\gdi32full.dll
0x00007fff9a7a0000 - 0x00007fff9a83e000 	C:\WINDOWS\System32\msvcp_win.dll
0x00007fff9a6a0000 - 0x00007fff9a79a000 	C:\WINDOWS\System32\ucrtbase.dll
0x00007fff85050000 - 0x00007fff852d4000 	C:\WINDOWS\WinSxS\amd64_microsoft.windows.common-controls_6595b64144ccf1df_6.0.18362.836_none_e6c4b943130f18ed\COMCTL32.dll
0x00007fff9b2f0000 - 0x00007fff9b626000 	C:\WINDOWS\System32\combase.dll
0x00007fff9a620000 - 0x00007fff9a6a0000 	C:\WINDOWS\System32\bcryptPrimitives.dll
0x00007fff9c410000 - 0x00007fff9c43e000 	C:\WINDOWS\System32\IMM32.DLL
0x0000000051590000 - 0x0000000051662000 	C:\Program Files\Android\Android Studio\jre\jre\bin\msvcr100.dll
0x0000000050ab0000 - 0x00000000512fb000 	C:\Program Files\Android\Android Studio\jre\jre\bin\server\jvm.dll
0x00007fff9b760000 - 0x00007fff9b768000 	C:\WINDOWS\System32\PSAPI.DLL
0x00007fff74570000 - 0x00007fff74579000 	C:\WINDOWS\SYSTEM32\WSOCK32.dll
0x00007fff94190000 - 0x00007fff941b4000 	C:\WINDOWS\SYSTEM32\WINMM.dll
0x00007fff920c0000 - 0x00007fff920ca000 	C:\WINDOWS\SYSTEM32\VERSION.dll
0x00007fff9bfb0000 - 0x00007fff9c01f000 	C:\WINDOWS\System32\WS2_32.dll
0x00007fff94160000 - 0x00007fff9418d000 	C:\WINDOWS\SYSTEM32\WINMMBASE.dll
0x00007fff9a5d0000 - 0x00007fff9a61a000 	C:\WINDOWS\System32\cfgmgr32.dll
0x00007fff886b0000 - 0x00007fff886bf000 	C:\Program Files\Android\Android Studio\jre\jre\bin\verify.dll
0x00007fff85d50000 - 0x00007fff85d79000 	C:\Program Files\Android\Android Studio\jre\jre\bin\java.dll
0x00007fff83440000 - 0x00007fff83456000 	C:\Program Files\Android\Android Studio\jre\jre\bin\zip.dll
0x00007fff9c780000 - 0x00007fff9ce64000 	C:\WINDOWS\System32\SHELL32.dll
0x00007fff9cf10000 - 0x00007fff9cfb9000 	C:\WINDOWS\System32\shcore.dll
0x00007fff9a9b0000 - 0x00007fff9b12e000 	C:\WINDOWS\System32\windows.storage.dll
0x00007fff9a0b0000 - 0x00007fff9a0d3000 	C:\WINDOWS\System32\profapi.dll
0x00007fff9a0e0000 - 0x00007fff9a12a000 	C:\WINDOWS\System32\powrprof.dll
0x00007fff9a080000 - 0x00007fff9a090000 	C:\WINDOWS\System32\UMPDC.dll
0x00007fff9b7b0000 - 0x00007fff9b802000 	C:\WINDOWS\System32\shlwapi.dll
0x00007fff9a090000 - 0x00007fff9a0a1000 	C:\WINDOWS\System32\kernel.appcore.dll
0x00007fff9a990000 - 0x00007fff9a9a7000 	C:\WINDOWS\System32\cryptsp.dll
0x00007fff83420000 - 0x00007fff8343a000 	C:\Program Files\Android\Android Studio\jre\jre\bin\net.dll
0x00007fff998f0000 - 0x00007fff99957000 	C:\WINDOWS\system32\mswsock.dll
0x00007fff832b0000 - 0x00007fff832c3000 	C:\Program Files\Android\Android Studio\jre\jre\bin\nio.dll
0x00007fff75d10000 - 0x00007fff75d36000 	C:\Users\hp\.gradle\native\31\windows-amd64\native-platform.dll
0x00007fff886a0000 - 0x00007fff886ad000 	C:\Program Files\Android\Android Studio\jre\jre\bin\management.dll
0x00007fff99400000 - 0x00007fff99433000 	C:\WINDOWS\system32\rsaenh.dll
0x00007fff9a400000 - 0x00007fff9a426000 	C:\WINDOWS\System32\bcrypt.dll
0x00007fff99f70000 - 0x00007fff99f95000 	C:\WINDOWS\SYSTEM32\USERENV.dll
0x00007fff99ac0000 - 0x00007fff99acc000 	C:\WINDOWS\SYSTEM32\CRYPTBASE.dll
0x00007fff995a0000 - 0x00007fff995da000 	C:\WINDOWS\SYSTEM32\IPHLPAPI.DLL
0x00007fff9b810000 - 0x00007fff9b818000 	C:\WINDOWS\System32\NSI.dll
0x00007fff8e7a0000 - 0x00007fff8e7b6000 	C:\WINDOWS\SYSTEM32\dhcpcsvc6.DLL
0x00007fff8f4f0000 - 0x00007fff8f50c000 	C:\WINDOWS\SYSTEM32\dhcpcsvc.DLL
0x00007fff995e0000 - 0x00007fff996ab000 	C:\WINDOWS\SYSTEM32\DNSAPI.dll
0x00007fff92890000 - 0x00007fff928ae000 	C:\Users\hp\AppData\Local\Temp\native-platform666722619609716719dir\native-platform.dll

VM Arguments:
jvm_args: -Xmx2048m -Dfile.encoding=windows-1252 -Duser.country=US -Duser.language=en -Duser.variant 
java_command: org.gradle.launcher.daemon.bootstrap.GradleDaemon 6.1.1
java_class_path (initial): C:\Users\hp\.gradle\wrapper\dists\gradle-6.1.1-all\cfmwm155h49vnt3hynmlrsdst\gradle-6.1.1\lib\gradle-launcher-6.1.1.jar
Launcher Type: SUN_STANDARD

Environment Variables:
USERNAME=hp
OS=Windows_NT
PROCESSOR_IDENTIFIER=Intel64 Family 6 Model 142 Stepping 10, GenuineIntel



---------------  S Y S T E M  ---------------

OS: Windows 10.0 , 64 bit Build 18362 (10.0.18362.778)

CPU:total 8 (initial active 8) (4 cores per cpu, 2 threads per core) family 6 model 142 stepping 10, cmov, cx8, fxsr, mmx, sse, sse2, sse3, ssse3, sse4.1, sse4.2, popcnt, avx, avx2, aes, clmul, erms, 3dnowpref, lzcnt, ht, tsc, tscinvbit, bmi1, bmi2, adx

Memory: 4k page, physical 16658916k(3665600k free), swap 16658916k(88272k free)

vm_info: OpenJDK 64-Bit Server VM (25.242-b01) for windows-amd64 JRE (1.8.0_242-release-1644-b01), built by "builder" with MS VC++ 10.0 (VS2010)

time: Fri Jun 05 23:22:15 2020
timezone: Arabian Standard Time
elapsed time: 188 seconds (0d 0h 3m 8s)

